<?xml version="1.0" encoding="UTF-8"?>
<!-- Generated by org.testng.reporters.JUnitReportReporter -->
<testsuite skipped="0" hostname="AnnaMac-2.local" name="apilipen.potterybarnkids.www.tests.PBKtests" tests="1" failures="0" timestamp="04 Aug 2017 00:05:31 GMT" time="22.693" errors="0">
  <testcase name="test_03_UC" time="22.693" classname="apilipen.potterybarnkids.www.tests.PBKtests"/>
</testsuite> <!-- apilipen.potterybarnkids.www.tests.PBKtests -->
